{
    "@timestamp": "2024-12-06 19:57:01,511",
    "level": "INFO",
    "service": "PRONUN_API",
    "request_id": "unknown",
    "class": "uvicorn.error",
    "method": "__init__"
}
{
    "@timestamp": "2024-12-06 19:57:01,511",
    "level": "INFO",
    "service": "PRONUN_API",
    "request_id": "unknown",
    "class": "uvicorn.error",
    "method": "bind_socket"
}
{
    "@timestamp": "2024-12-06 19:57:01,512",
    "level": "INFO",
    "service": "PRONUN_API",
    "request_id": "unknown",
    "class": "uvicorn.error",
    "method": "startup"
}
{
    "@timestamp": "2024-12-06 19:57:01,999",
    "level": "INFO",
    "service": "PRONUN_API",
    "request_id": "unknown",
    "class": "config",
    "method": "<module>"
}
{
    "@timestamp": "2024-12-06 19:57:01,999",
    "level": "INFO",
    "service": "PRONUN_API",
    "request_id": "unknown",
    "class": "config",
    "method": "<module>"
}
{
    "@timestamp": "2024-12-06 19:57:02,000",
    "level": "INFO",
    "service": "PRONUN_API",
    "request_id": "unknown",
    "class": "config",
    "method": "<module>"
}
{
    "@timestamp": "2024-12-06 19:57:02,000",
    "level": "INFO",
    "service": "PRONUN_API",
    "request_id": "unknown",
    "class": "config",
    "method": "<module>"
}
{
    "@timestamp": "2024-12-06 19:57:02,000",
    "level": "INFO",
    "service": "PRONUN_API",
    "request_id": "unknown",
    "class": "config",
    "method": "<module>"
}
{
    "@timestamp": "2024-12-06 19:57:03,725",
    "level": "INFO",
    "service": "PRONUN_API",
    "request_id": "unknown",
    "class": "uvicorn.error",
    "method": "serve"
}
{
    "@timestamp": "2024-12-06 19:57:03,726",
    "level": "INFO",
    "service": "PRONUN_API",
    "request_id": "unknown",
    "class": "uvicorn.error",
    "method": "startup"
}
{
    "@timestamp": "2024-12-06 19:57:03,726",
    "level": "INFO",
    "service": "PRONUN_API",
    "request_id": "unknown",
    "class": "uvicorn.error",
    "method": "startup"
}
{
    "@timestamp": "2024-12-06 19:57:03,794",
    "level": "INFO",
    "service": "PRONUN_API",
    "request_id": "unknown",
    "class": "watchfiles.main",
    "method": "_log_changes"
}
{
    "@timestamp": "2024-12-06 19:57:08,608",
    "level": "INFO",
    "service": "PRONUN_API",
    "request_id": "unknown",
    "class": "root",
    "method": "read_root"
}
{
    "@timestamp": "2024-12-06 19:57:08,615",
    "level": "INFO",
    "service": "PRONUN_API",
    "request_id": "unknown",
    "class": "root",
    "method": "log_requests"
}
{
    "@timestamp": "2024-12-06 19:57:11,298",
    "level": "INFO",
    "service": "PRONUN_API",
    "request_id": "unknown",
    "class": "root",
    "method": "log_requests"
}
{
    "@timestamp": "2024-12-06 19:57:11,502",
    "level": "INFO",
    "service": "PRONUN_API",
    "request_id": "unknown",
    "class": "root",
    "method": "log_requests"
}
{
    "@timestamp": "2024-12-06 19:57:17,093",
    "level": "INFO",
    "service": "PRONUN_API",
    "request_id": "unknown",
    "class": "root",
    "method": "read_root"
}
{
    "@timestamp": "2024-12-06 19:57:17,094",
    "level": "INFO",
    "service": "PRONUN_API",
    "request_id": "unknown",
    "class": "root",
    "method": "log_requests"
}
{
    "@timestamp": "2024-12-06 19:57:26,756",
    "level": "INFO",
    "service": "PRONUN_API",
    "request_id": "unknown",
    "class": "root",
    "method": "test_logging"
}
{
    "@timestamp": "2024-12-06 19:57:26,756",
    "level": "ERROR",
    "service": "PRONUN_API",
    "request_id": "unknown",
    "class": "root",
    "method": "test_logging",
    "error_type": "N/A",
    "message": "N/A"
}
{
    "@timestamp": "2024-12-06 19:57:26,757",
    "level": "INFO",
    "service": "PRONUN_API",
    "request_id": "unknown",
    "class": "root",
    "method": "log_requests"
}
{
    "@timestamp": "2024-12-06 19:57:39,319",
    "level": "INFO",
    "service": "PRONUN_API",
    "request_id": "unknown",
    "class": "uvicorn.error",
    "method": "shutdown"
}
{
    "@timestamp": "2024-12-06 19:57:39,422",
    "level": "INFO",
    "service": "PRONUN_API",
    "request_id": "unknown",
    "class": "uvicorn.error",
    "method": "shutdown"
}
{
    "@timestamp": "2024-12-06 19:57:39,423",
    "level": "INFO",
    "service": "PRONUN_API",
    "request_id": "unknown",
    "class": "uvicorn.error",
    "method": "shutdown"
}
{
    "@timestamp": "2024-12-06 19:57:39,423",
    "level": "INFO",
    "service": "PRONUN_API",
    "request_id": "unknown",
    "class": "uvicorn.error",
    "method": "serve"
}
{
    "@timestamp": "2024-12-06 19:57:39,771",
    "level": "INFO",
    "service": "PRONUN_API",
    "request_id": "unknown",
    "class": "uvicorn.error",
    "method": "shutdown"
}
